2026/04/21 00:42:40 Downloading https://releases.bazel.build/9.1.0/release/bazel-9.1.0-linux-x86_64...
Extracting Bazel installation...
Starting local Bazel server (9.1.0) and connecting to it...
Computing main repo mapping: 
Computing main repo mapping: 
Computing main repo mapping: 
Loading: 
Loading: 0 packages loaded
Loading: 0 packages loaded
    currently loading: proto
Loading: 0 packages loaded
    currently loading: proto
Loading: 0 packages loaded
    currently loading: proto
Analyzing: 6 targets (5 packages loaded, 6 targets configured)
Analyzing: 6 targets (5 packages loaded, 6 targets configured)

Analyzing: 6 targets (24 packages loaded, 8 targets configured)

ERROR: /home/runner/.cache/bazel/_bazel_runner/15612d54e52360d9f2629d5e6db29dd1/external/rules_android+/rules/android_local_test/attrs.bzl:39:31: The CcInfo symbol has been removed, add the following to your BUILD/bzl file:

load("@rules_cc//cc/common:cc_info.bzl", "CcInfo")
ERROR: /tmp/bazel_test_2729113017/proto/BUILD.bazel:22:16: While resolving toolchains for target //proto:greeter_cc_grpc (91e2498): invalid registered toolchain '@androidsdk//:all': while parsing '@androidsdk//:all': error loading package '@@rules_android++android_sdk_repository_extension+androidsdk//': at /home/runner/.cache/bazel/_bazel_runner/15612d54e52360d9f2629d5e6db29dd1/external/rules_android++android_sdk_repository_extension+androidsdk/helper.bzl:17:6: at /home/runner/.cache/bazel/_bazel_runner/15612d54e52360d9f2629d5e6db29dd1/external/rules_android+/rules/rules.bzl:53:5: at /home/runner/.cache/bazel/_bazel_runner/15612d54e52360d9f2629d5e6db29dd1/external/rules_android+/rules/android_local_test/rule.bzl:18:6: compilation of module 'rules/android_local_test/attrs.bzl' failed
ERROR: Analysis of target '//proto:greeter_cc_grpc' failed; build aborted
INFO: Elapsed time: 10.612s, Critical Path: 0.04s
INFO: 1 process: 1 internal.
ERROR: Build did NOT complete successfully
FAILED: 
