2026/04/02 18:37:25 Downloading https://releases.bazel.build/8.6.0/release/bazel-8.6.0-linux-x86_64...
Extracting Bazel installation...
Starting local Bazel server (8.6.0) and connecting to it...
Computing main repo mapping: 
Computing main repo mapping: 
Computing main repo mapping: 
Computing main repo mapping: 
Computing main repo mapping: 
Loading: 
Loading: 0 packages loaded
Loading: 0 packages loaded
Loading: 0 packages loaded
    currently loading: proto
Analyzing: 6 targets (1 packages loaded, 0 targets configured)
Analyzing: 6 targets (1 packages loaded, 0 targets configured)

Analyzing: 6 targets (33 packages loaded, 46 targets configured)

Analyzing: 6 targets (91 packages loaded, 46 targets configured)

Analyzing: 6 targets (91 packages loaded, 46 targets configured)

Analyzing: 6 targets (105 packages loaded, 1871 targets configured)

ERROR: error loading package '@@grpc+//': at /home/runner/.cache/bazel/_bazel_runner/2807304644e0ca048169a5e7f36ecfca/external/grpc+/bazel/grpc_build_system.bzl:34:6: cannot load '@@protobuf+//bazel:upb_proto_library.bzl': no such file
ERROR: /tmp/bazel_test_3188067020/proto/BUILD.bazel:22:16: error loading package '@@grpc+//': at /home/runner/.cache/bazel/_bazel_runner/2807304644e0ca048169a5e7f36ecfca/external/grpc+/bazel/grpc_build_system.bzl:34:6: cannot load '@@protobuf+//bazel:upb_proto_library.bzl': no such file and referenced by '//proto:greeter_cc_grpc'
ERROR: Analysis of target '//proto:greeter_cc_grpc' failed; build aborted: Analysis failed
INFO: Elapsed time: 18.014s, Critical Path: 0.04s
INFO: 1 process: 1 internal.
ERROR: Build did NOT complete successfully
FAILED: 
