2026/05/08 00:48:03 Downloading https://releases.bazel.build/8.7.0/release/bazel-8.7.0-linux-x86_64...
Extracting Bazel installation...
Starting local Bazel server (8.7.0) and connecting to it...
Computing main repo mapping: 
Computing main repo mapping: 
Computing main repo mapping: 
Computing main repo mapping: 
Loading: 
Loading: 0 packages loaded
Loading: 0 packages loaded
Loading: 0 packages loaded
    currently loading: proto
Loading: 0 packages loaded
    currently loading: proto
Analyzing: 6 targets (1 packages loaded, 0 targets configured)
Analyzing: 6 targets (1 packages loaded, 0 targets configured)

Analyzing: 6 targets (54 packages loaded, 30 targets configured)

Analyzing: 6 targets (90 packages loaded, 46 targets configured)

Analyzing: 6 targets (91 packages loaded, 46 targets configured)

Analyzing: 6 targets (91 packages loaded, 46 targets configured)

Analyzing: 6 targets (94 packages loaded, 3410 targets configured)

ERROR: error loading package '@@grpc+//': at /home/runner/.cache/bazel/_bazel_runner/b62852e72d36ea9578d3e8b8cf0eafde/external/grpc+/bazel/grpc_build_system.bzl:34:6: cannot load '@@protobuf+//bazel:upb_proto_library.bzl': no such file
ERROR: /tmp/bazel_test_1343499367/proto/BUILD.bazel:22:16: error loading package '@@grpc+//': at /home/runner/.cache/bazel/_bazel_runner/b62852e72d36ea9578d3e8b8cf0eafde/external/grpc+/bazel/grpc_build_system.bzl:34:6: cannot load '@@protobuf+//bazel:upb_proto_library.bzl': no such file and referenced by '//proto:greeter_cc_grpc'
ERROR: Analysis of target '//proto:greeter_cc_grpc' failed; build aborted: Analysis failed
INFO: Elapsed time: 27.059s, Critical Path: 0.03s
INFO: 1 process: 1 internal.
ERROR: Build did NOT complete successfully
FAILED: 
