2026/06/04 01:06:56 Downloading https://releases.bazel.build/9.1.1/release/bazel-9.1.1-linux-x86_64...
Extracting Bazel installation...
Starting local Bazel server (9.1.1) and connecting to it...
Computing main repo mapping: 
Computing main repo mapping: 
Computing main repo mapping: 
Loading: 
Loading: 0 packages loaded
Loading: 0 packages loaded
    currently loading: proto
Loading: 0 packages loaded
    currently loading: proto
Loading: 0 packages loaded
    currently loading: proto
Analyzing: 6 targets (5 packages loaded, 6 targets configured)
Analyzing: 6 targets (5 packages loaded, 6 targets configured)

Analyzing: 6 targets (24 packages loaded, 12 targets configured)

Analyzing: 6 targets (71 packages loaded, 12 targets configured)

Analyzing: 6 targets (73 packages loaded, 12 targets configured)

Analyzing: 6 targets (74 packages loaded, 12 targets configured)

Analyzing: 6 targets (82 packages loaded, 2387 targets configured)

Analyzing: 6 targets (111 packages loaded, 3842 targets configured)

Analyzing: 6 targets (157 packages loaded, 4875 targets configured)
[1 / 3] checking cached actions
ERROR: Traceback (most recent call last):
	File "/home/runner/.cache/bazel/_bazel_runner/33aa5a8c44d04176dbc7bc2493e3827f/external/grpc+/third_party/address_sorting/BUILD", line 45, column 27, in <toplevel>
		address_sorting_cc_library(
	File "/home/runner/.cache/bazel/_bazel_runner/33aa5a8c44d04176dbc7bc2493e3827f/external/grpc+/third_party/address_sorting/address_sorting.bzl", line 32, column 22, in address_sorting_cc_library
		native.cc_library(
	File "/virtual_builtins_bzl/bazel/exports.bzl", line 40, column 9, in _removed_rule_failure
Error in fail: 
         This rule has been removed from Bazel. Please add a `load()` statement for it.
         This can also be done automatically by running:
         buildifier --lint=fix <path-to-BUILD-or-bzl-file>
         
ERROR: /home/runner/.cache/bazel/_bazel_runner/33aa5a8c44d04176dbc7bc2493e3827f/external/grpc+/third_party/address_sorting/BUILD: no such target '@@grpc+//third_party/address_sorting:address_sorting': target 'address_sorting' not declared in package 'third_party/address_sorting' defined by /home/runner/.cache/bazel/_bazel_runner/33aa5a8c44d04176dbc7bc2493e3827f/external/grpc+/third_party/address_sorting/BUILD
ERROR: /home/runner/.cache/bazel/_bazel_runner/33aa5a8c44d04176dbc7bc2493e3827f/external/grpc+/src/core/BUILD:3408:16: no such target '@@grpc+//third_party/address_sorting:address_sorting': target 'address_sorting' not declared in package 'third_party/address_sorting' defined by /home/runner/.cache/bazel/_bazel_runner/33aa5a8c44d04176dbc7bc2493e3827f/external/grpc+/third_party/address_sorting/BUILD and referenced by '@@grpc+//src/core:ares_resolver'
Target //proto:greeter_proto failed to build
Use --verbose_failures to see the command lines of failed build steps.
ERROR: Analysis of target '//proto:greeter_cc_grpc' failed; build aborted: Analysis failed
INFO: Elapsed time: 38.161s, Critical Path: 0.06s
INFO: 1 process: 1 internal.
ERROR: Build did NOT complete successfully
FAILED: 
