2026/06/05 01:14:17 Downloading https://releases.bazel.build/9.1.1/release/bazel-9.1.1-linux-x86_64...
Extracting Bazel installation...
Starting local Bazel server (9.1.1) and connecting to it...
Computing main repo mapping: 
Computing main repo mapping: 
Computing main repo mapping: 
Loading: 
Loading: 0 packages loaded
Loading: 0 packages loaded
    currently loading: proto
Loading: 0 packages loaded
    currently loading: proto
Analyzing: 6 targets (5 packages loaded, 6 targets configured)
Analyzing: 6 targets (5 packages loaded, 6 targets configured)

Analyzing: 6 targets (24 packages loaded, 8 targets configured)

Analyzing: 6 targets (73 packages loaded, 12 targets configured)

Analyzing: 6 targets (79 packages loaded, 2373 targets configured)

Analyzing: 6 targets (125 packages loaded, 4036 targets configured)

ERROR: Traceback (most recent call last):
	File "/home/runner/.cache/bazel/_bazel_runner/19966e1af4bb0bd23d3d25d31283b55b/external/grpc+/third_party/address_sorting/BUILD", line 45, column 27, in <toplevel>
		address_sorting_cc_library(
	File "/home/runner/.cache/bazel/_bazel_runner/19966e1af4bb0bd23d3d25d31283b55b/external/grpc+/third_party/address_sorting/address_sorting.bzl", line 32, column 22, in address_sorting_cc_library
		native.cc_library(
	File "/virtual_builtins_bzl/bazel/exports.bzl", line 40, column 9, in _removed_rule_failure
Error in fail: 
         This rule has been removed from Bazel. Please add a `load()` statement for it.
         This can also be done automatically by running:
         buildifier --lint=fix <path-to-BUILD-or-bzl-file>
         
ERROR: /home/runner/.cache/bazel/_bazel_runner/19966e1af4bb0bd23d3d25d31283b55b/external/grpc+/third_party/address_sorting/BUILD: no such target '@@grpc+//third_party/address_sorting:address_sorting': target 'address_sorting' not declared in package 'third_party/address_sorting' defined by /home/runner/.cache/bazel/_bazel_runner/19966e1af4bb0bd23d3d25d31283b55b/external/grpc+/third_party/address_sorting/BUILD
ERROR: /home/runner/.cache/bazel/_bazel_runner/19966e1af4bb0bd23d3d25d31283b55b/external/grpc+/src/core/BUILD:3408:16: no such target '@@grpc+//third_party/address_sorting:address_sorting': target 'address_sorting' not declared in package 'third_party/address_sorting' defined by /home/runner/.cache/bazel/_bazel_runner/19966e1af4bb0bd23d3d25d31283b55b/external/grpc+/third_party/address_sorting/BUILD and referenced by '@@grpc+//src/core:ares_resolver'
Analyzing: 6 targets (164 packages loaded, 5875 targets configured)
[3 / 3] no actions running
Target //proto:greeter_proto up-to-date:
  bazel-bin/proto/greeter_proto-descriptor-set.proto.bin
ERROR: Analysis of target '//proto:greeter_cc_grpc' failed; build aborted: Analysis failed
INFO: Elapsed time: 12.939s, Critical Path: 0.09s
INFO: 3 processes: 1 internal, 2 processwrapper-sandbox.
ERROR: Build did NOT complete successfully
FAILED: 
